<?xml version="1.0" encoding="UTF-8"?>
<Site BuildName="(empty)"
	BuildStamp="20250808-0655-Experimental"
	Name="tifa"
	Generator="ctest-3.16.3"
	CompilerName="/usr/bin/aarch64-linux-gnu-g++"
	CompilerVersion="9.4.0"
	OSName="Linux"
	Hostname="tifa"
	OSRelease="5.4.0-1129-raspi"
	OSVersion="#142-Ubuntu SMP PREEMPT Mon Apr 21 06:57:00 UTC 2025"
	OSPlatform="aarch64"
	Is64Bits="1"
	VendorString=""
	VendorID="Unknown Manufacturer"
	FamilyID="8"
	ModelID="0"
	ProcessorCacheSize="0"
	NumberOfLogicalCPU="4"
	NumberOfPhysicalCPU="1"
	TotalVirtualMemory="0"
	TotalPhysicalMemory="7809"
	LogicalProcessorsPerPhysical="4"
	ProcessorClockFrequency="0"
	>
	<Testing>
		<StartDateTime>Aug 08 20:44 WIB</StartDateTime>
		<StartTestTime>1754660656</StartTestTime>
		<TestList/>
		<EndDateTime>Aug 08 20:44 WIB</EndDateTime>
		<EndTestTime>1754660656</EndTestTime>
		<ElapsedMinutes>0</ElapsedMinutes>
	</Testing>
</Site>
